INFO 2023-11-21 15:16:12,666  4060  Watching for file changes with StatReloader
INFO 2023-11-21 15:16:12,666  9900  Watching for file changes with StatReloader
INFO 2023-11-21 15:18:22,037  4060  C:\Users\Lee\PycharmProjects\daraja1_apis\main\views.py changed, reloading.
INFO 2023-11-21 15:18:22,079  9900  C:\Users\Lee\PycharmProjects\daraja1_apis\main\views.py changed, reloading.
INFO 2023-11-21 15:18:24,116  8300  Watching for file changes with StatReloader
INFO 2023-11-21 15:18:24,174  15064  Watching for file changes with StatReloader
INFO 2023-11-21 15:19:53,257  8300  C:\Users\Lee\PycharmProjects\daraja1_apis\main\views.py changed, reloading.
INFO 2023-11-21 15:19:53,287  15064  C:\Users\Lee\PycharmProjects\daraja1_apis\main\views.py changed, reloading.
INFO 2023-11-21 15:19:55,589  1692  Watching for file changes with StatReloader
INFO 2023-11-21 15:20:03,501  12500  Watching for file changes with StatReloader
INFO 2023-11-21 15:21:17,223  12500  C:\Users\Lee\PycharmProjects\daraja1_apis\main\views.py changed, reloading.
INFO 2023-11-21 15:21:18,343  5248  Watching for file changes with StatReloader
INFO 2023-11-21 15:21:37,658  5248  C:\Users\Lee\PycharmProjects\daraja1_apis\main\views.py changed, reloading.
INFO 2023-11-21 15:21:40,123  10036  Watching for file changes with StatReloader
INFO 2023-11-21 15:21:58,257  10036  254797001959 1
DEBUG 2023-11-21 15:21:58,257  10036  254797001959 1
ERROR 2023-11-21 15:21:58,257  10036  254797001959 1
WARNING 2023-11-21 15:21:58,258  10036  254797001959 1
INFO 2023-11-21 15:23:30,867  10036  C:\Users\Lee\PycharmProjects\daraja1_apis\main\views.py changed, reloading.
INFO 2023-11-21 15:23:32,598  8840  Watching for file changes with StatReloader
INFO 2023-11-21 15:37:11,072  8840  C:\Users\Lee\PycharmProjects\daraja1_apis\main\views.py changed, reloading.
INFO 2023-11-21 15:37:17,236  3416  Watching for file changes with StatReloader
INFO 2023-11-21 15:37:59,153  3416  C:\Users\Lee\PycharmProjects\daraja1_apis\daraja1_apis\settings.py changed, reloading.
INFO 2023-11-21 15:38:00,293  12252  Watching for file changes with StatReloader
INFO 2023-11-21 15:38:44,692  12252  C:\Users\Lee\PycharmProjects\daraja1_apis\daraja1_apis\settings.py changed, reloading.
INFO 2023-11-21 15:38:46,022  7000  Watching for file changes with StatReloader
INFO 2023-11-21 15:46:15,835  7000  C:\Users\Lee\PycharmProjects\daraja1_apis\daraja1_apis\settings.py changed, reloading.
INFO 2023-11-21 15:46:17,753  16328  Watching for file changes with StatReloader
INFO 2023-11-21 15:47:17,524  16328  C:\Users\Lee\PycharmProjects\daraja1_apis\daraja1_apis\settings.py changed, reloading.
INFO 2023-11-21 15:47:18,740  13220  Watching for file changes with StatReloader
INFO 2023-11-21 15:49:40,055  13220  C:\Users\Lee\PycharmProjects\daraja1_apis\daraja1_apis\settings.py changed, reloading.
INFO 2023-11-21 15:49:41,380  17376  Watching for file changes with StatReloader
INFO 2023-11-21 15:50:06,532  17376  C:\Users\Lee\PycharmProjects\daraja1_apis\daraja1_apis\settings.py changed, reloading.
INFO 2023-11-21 15:50:07,900  16148  Watching for file changes with StatReloader
INFO 2023-11-21 15:50:22,919  16148  C:\Users\Lee\PycharmProjects\daraja1_apis\daraja1_apis\settings.py changed, reloading.
INFO 2023-11-21 15:50:24,206  3580  Watching for file changes with StatReloader
INFO 2023-11-21 15:50:36,781  3580  254797001959 1
INFO 2023-11-21 15:51:46,415  7140  Watching for file changes with StatReloader
INFO 2023-11-21 15:51:59,718  3580  254797001959 1
INFO 2023-11-21 15:53:03,148  7140  C:\Users\Lee\PycharmProjects\daraja1_apis\daraja1_apis\settings.py changed, reloading.
INFO 2023-11-21 15:53:03,156  3580  C:\Users\Lee\PycharmProjects\daraja1_apis\daraja1_apis\settings.py changed, reloading.
INFO 2023-11-21 15:53:04,547  3928  Watching for file changes with StatReloader
INFO 2023-11-21 15:53:04,548  19328  Watching for file changes with StatReloader
INFO 2023-11-21 16:01:29,301  19328  C:\Users\Lee\PycharmProjects\daraja1_apis\main\views.py changed, reloading.
INFO 2023-11-21 16:01:29,847  3928  C:\Users\Lee\PycharmProjects\daraja1_apis\main\views.py changed, reloading.
INFO 2023-11-21 16:01:32,450  10800  Watching for file changes with StatReloader
INFO 2023-11-21 16:01:33,163  13376  Watching for file changes with StatReloader
INFO 2023-11-21 16:03:10,942  10800  C:\Users\Lee\PycharmProjects\daraja1_apis\main\views.py changed, reloading.
INFO 2023-11-21 16:03:11,042  13376  C:\Users\Lee\PycharmProjects\daraja1_apis\main\views.py changed, reloading.
INFO 2023-11-21 16:03:13,052  14860  Watching for file changes with StatReloader
INFO 2023-11-21 16:03:13,150  3212  Watching for file changes with StatReloader
INFO 2023-11-21 16:05:12,161  3212  C:\Users\Lee\PycharmProjects\daraja1_apis\main\views.py changed, reloading.
INFO 2023-11-21 16:05:12,239  14860  C:\Users\Lee\PycharmProjects\daraja1_apis\main\views.py changed, reloading.
INFO 2023-11-21 16:05:14,138  11424  Watching for file changes with StatReloader
INFO 2023-11-21 16:05:14,182  16312  Watching for file changes with StatReloader
INFO 2023-11-21 16:06:17,869  16312  C:\Users\Lee\PycharmProjects\daraja1_apis\main\views.py changed, reloading.
INFO 2023-11-21 16:06:17,883  11424  C:\Users\Lee\PycharmProjects\daraja1_apis\main\views.py changed, reloading.
INFO 2023-11-21 16:06:19,260  17936  Watching for file changes with StatReloader
INFO 2023-11-21 16:06:19,267  6240  Watching for file changes with StatReloader
INFO 2023-11-21 16:07:16,027  17936  C:\Users\Lee\PycharmProjects\daraja1_apis\main\views.py changed, reloading.
INFO 2023-11-21 16:07:16,551  6240  C:\Users\Lee\PycharmProjects\daraja1_apis\main\views.py changed, reloading.
INFO 2023-11-21 16:07:17,069  10628  Watching for file changes with StatReloader
INFO 2023-11-21 16:07:17,613  5004  Watching for file changes with StatReloader
INFO 2023-11-21 16:07:47,203  10628  C:\Users\Lee\PycharmProjects\daraja1_apis\main\views.py changed, reloading.
INFO 2023-11-21 16:07:47,451  5004  C:\Users\Lee\PycharmProjects\daraja1_apis\main\views.py changed, reloading.
INFO 2023-11-21 16:07:49,274  9872  Watching for file changes with StatReloader
INFO 2023-11-21 16:07:49,600  18356  Watching for file changes with StatReloader
INFO 2023-11-21 16:12:11,273  9872  C:\Users\Lee\PycharmProjects\daraja1_apis\main\views.py changed, reloading.
INFO 2023-11-21 16:12:11,273  18356  C:\Users\Lee\PycharmProjects\daraja1_apis\main\views.py changed, reloading.
INFO 2023-11-21 16:12:13,779  6340  Watching for file changes with StatReloader
INFO 2023-11-21 16:12:13,830  15992  Watching for file changes with StatReloader
